Vivado Simulator v2023.2
Copyright 1986-2022 Xilinx, Inc. All Rights Reserved.
Copyright 2022-2023 Advanced Micro Devices, Inc. All Rights Reserved.
Running: C:/Xilinx/Vivado/2023.2/bin/unwrapped/win64.o/xelab.exe --incr --debug typical --relax --mt 2 -L xil_defaultlib -L unisims_ver -L unimacro_ver -L secureip --snapshot testbench_display_adder_behav xil_defaultlib.testbench_display_adder xil_defaultlib.glbl -log elaborate.log 
Using 2 slave threads.
Starting static elaboration
Pass Through NonSizing Optimizer
WARNING: [VRFC 10-3091] actual bit length 32 differs from formal bit length 1 for port 'Cin' [C:/Users/SQREAM/Desktop/sem4/DigitalDesign/decimal_on_seven_segment/decimal_on_seven_segment.srcs/sources_1/new/decimal_on_seven_seg.v:38]
Completed static elaboration
Starting simulation data flow analysis
Completed simulation data flow analysis
Time Resolution for simulation is 1ps
Compiling module xil_defaultlib.full_adder
Compiling module xil_defaultlib.four_bit_adder
Compiling module xil_defaultlib.binary_to_decimal
Compiling module xil_defaultlib.bcd_to_seven_segment
Compiling module xil_defaultlib.display_adder
Compiling module xil_defaultlib.testbench_display_adder
Compiling module xil_defaultlib.glbl
Built simulation snapshot testbench_display_adder_behav
