Copyright 1986-2022 Xilinx, Inc. All Rights Reserved. Copyright 2022-2023 Advanced Micro Devices, Inc. All Rights Reserved.
------------------------------------------------------------------------------------------------------------------------------------------------------------------------------------------------------------------------------------------
| Tool Version : Vivado v.2023.2 (win64) Build 4029153 Fri Oct 13 20:14:34 MDT 2023
| Date         : Wed Mar  6 14:30:18 2024
| Host         : LAPTOP-59TOG2H2 running 64-bit major release  (build 9200)
| Command      : report_timing_summary -max_paths 10 -report_unconstrained -file PriorityEncoder_timing_summary_routed.rpt -pb PriorityEncoder_timing_summary_routed.pb -rpx PriorityEncoder_timing_summary_routed.rpx -warn_on_violation
| Design       : PriorityEncoder
| Device       : 7z020-clg400
| Speed File   : -1  PRODUCTION 1.12 2019-11-22
| Design State : Routed
------------------------------------------------------------------------------------------------------------------------------------------------------------------------------------------------------------------------------------------

Timing Summary Report

------------------------------------------------------------------------------------------------
| Timer Settings
| --------------
------------------------------------------------------------------------------------------------

  Enable Multi Corner Analysis               :  Yes
  Enable Pessimism Removal                   :  Yes
  Pessimism Removal Resolution               :  Nearest Common Node
  Enable Input Delay Default Clock           :  No
  Enable Preset / Clear Arcs                 :  No
  Disable Flight Delays                      :  No
  Ignore I/O Paths                           :  No
  Timing Early Launch at Borrowing Latches   :  No
  Borrow Time for Max Delay Exceptions       :  Yes
  Merge Timing Exceptions                    :  Yes
  Inter-SLR Compensation                     :  Conservative

  Corner  Analyze    Analyze    
  Name    Max Paths  Min Paths  
  ------  ---------  ---------  
  Slow    Yes        Yes        
  Fast    Yes        Yes        


------------------------------------------------------------------------------------------------
| Report Methodology
| ------------------
------------------------------------------------------------------------------------------------

No report available as report_methodology has not been run prior. Run report_methodology on the current design for the summary of methodology violations.



check_timing report

Table of Contents
-----------------
1. checking no_clock (0)
2. checking constant_clock (0)
3. checking pulse_width_clock (0)
4. checking unconstrained_internal_endpoints (0)
5. checking no_input_delay (0)
6. checking no_output_delay (0)
7. checking multiple_clock (0)
8. checking generated_clocks (0)
9. checking loops (0)
10. checking partial_input_delay (0)
11. checking partial_output_delay (0)
12. checking latch_loops (0)

1. checking no_clock (0)
------------------------
 There are 0 register/latch pins with no clock.


2. checking constant_clock (0)
------------------------------
 There are 0 register/latch pins with constant_clock.


3. checking pulse_width_clock (0)
---------------------------------
 There are 0 register/latch pins which need pulse_width check


4. checking unconstrained_internal_endpoints (0)
------------------------------------------------
 There are 0 pins that are not constrained for maximum delay.

 There are 0 pins that are not constrained for maximum delay due to constant clock.


5. checking no_input_delay (0)
------------------------------
 There are 0 input ports with no input delay specified.

 There are 0 input ports with no input delay but user has a false path constraint.


6. checking no_output_delay (0)
-------------------------------
 There are 0 ports with no output delay specified.

 There are 0 ports with no output delay but user has a false path constraint

 There are 0 ports with no output delay but with a timing clock defined on it or propagating through it


7. checking multiple_clock (0)
------------------------------
 There are 0 register/latch pins with multiple clocks.


8. checking generated_clocks (0)
--------------------------------
 There are 0 generated clocks that are not connected to a clock source.


9. checking loops (0)
---------------------
 There are 0 combinational loops in the design.


10. checking partial_input_delay (0)
------------------------------------
 There are 0 input ports with partial input delay specified.


11. checking partial_output_delay (0)
-------------------------------------
 There are 0 ports with partial output delay specified.


12. checking latch_loops (0)
----------------------------
 There are 0 combinational latch loops in the design through latch input



------------------------------------------------------------------------------------------------
| Design Timing Summary
| ---------------------
------------------------------------------------------------------------------------------------

    WNS(ns)      TNS(ns)  TNS Failing Endpoints  TNS Total Endpoints      WHS(ns)      THS(ns)  THS Failing Endpoints  THS Total Endpoints     WPWS(ns)     TPWS(ns)  TPWS Failing Endpoints  TPWS Total Endpoints  
    -------      -------  ---------------------  -------------------      -------      -------  ---------------------  -------------------     --------     --------  ----------------------  --------------------  
        inf        0.000                      0                    3          inf        0.000                      0                    3           NA           NA                      NA                    NA  


There are no user specified timing constraints.


------------------------------------------------------------------------------------------------
| Clock Summary
| -------------
------------------------------------------------------------------------------------------------


------------------------------------------------------------------------------------------------
| Intra Clock Table
| -----------------
------------------------------------------------------------------------------------------------

Clock             WNS(ns)      TNS(ns)  TNS Failing Endpoints  TNS Total Endpoints      WHS(ns)      THS(ns)  THS Failing Endpoints  THS Total Endpoints     WPWS(ns)     TPWS(ns)  TPWS Failing Endpoints  TPWS Total Endpoints  
-----             -------      -------  ---------------------  -------------------      -------      -------  ---------------------  -------------------     --------     --------  ----------------------  --------------------  


------------------------------------------------------------------------------------------------
| Inter Clock Table
| -----------------
------------------------------------------------------------------------------------------------

From Clock    To Clock          WNS(ns)      TNS(ns)  TNS Failing Endpoints  TNS Total Endpoints      WHS(ns)      THS(ns)  THS Failing Endpoints  THS Total Endpoints  
----------    --------          -------      -------  ---------------------  -------------------      -------      -------  ---------------------  -------------------  


------------------------------------------------------------------------------------------------
| Other Path Groups Table
| -----------------------
------------------------------------------------------------------------------------------------

Path Group    From Clock    To Clock          WNS(ns)      TNS(ns)  TNS Failing Endpoints  TNS Total Endpoints      WHS(ns)      THS(ns)  THS Failing Endpoints  THS Total Endpoints  
----------    ----------    --------          -------      -------  ---------------------  -------------------      -------      -------  ---------------------  -------------------  


------------------------------------------------------------------------------------------------
| User Ignored Path Table
| -----------------------
------------------------------------------------------------------------------------------------

Path Group    From Clock    To Clock    
----------    ----------    --------    


------------------------------------------------------------------------------------------------
| Unconstrained Path Table
| ------------------------
------------------------------------------------------------------------------------------------

Path Group    From Clock    To Clock    
----------    ----------    --------    
(none)                                    


------------------------------------------------------------------------------------------------
| Timing Details
| --------------
------------------------------------------------------------------------------------------------


--------------------------------------------------------------------------------------
Path Group:  (none)
From Clock:  
  To Clock:  

Max Delay             3 Endpoints
Min Delay             3 Endpoints
--------------------------------------------------------------------------------------


Max Delay Paths
--------------------------------------------------------------------------------------
Slack:                    inf
  Source:                 I1
                            (input port)
  Destination:            V
                            (output port)
  Path Group:             (none)
  Path Type:              Max at Slow Process Corner
  Data Path Delay:        14.371ns  (logic 5.421ns (37.723%)  route 8.950ns (62.277%))
  Logic Levels:           3  (IBUF=1 LUT4=1 OBUF=1)

    Location             Delay type                Incr(ns)  Path(ns)    Netlist Resource(s)
  -------------------------------------------------------------------    -------------------
    Y8                                                0.000     0.000 r  I1 (IN)
                         net (fo=0)                   0.000     0.000    I1
    Y8                   IBUF (Prop_ibuf_I_O)         1.529     1.529 r  I1_IBUF_inst/O
                         net (fo=2, routed)           6.538     8.067    I1_IBUF
    SLICE_X113Y87        LUT4 (Prop_lut4_I3_O)        0.118     8.185 r  V_OBUF_inst_i_1/O
                         net (fo=1, routed)           2.412    10.596    V_OBUF
    N16                  OBUF (Prop_obuf_I_O)         3.774    14.371 r  V_OBUF_inst/O
                         net (fo=0)                   0.000    14.371    V
    N16                                                               r  V (OUT)
  -------------------------------------------------------------------    -------------------

Slack:                    inf
  Source:                 I1
                            (input port)
  Destination:            Y0
                            (output port)
  Path Group:             (none)
  Path Type:              Max at Slow Process Corner
  Data Path Delay:        13.385ns  (logic 5.182ns (38.718%)  route 8.203ns (61.282%))
  Logic Levels:           3  (IBUF=1 LUT3=1 OBUF=1)

    Location             Delay type                Incr(ns)  Path(ns)    Netlist Resource(s)
  -------------------------------------------------------------------    -------------------
    Y8                                                0.000     0.000 r  I1 (IN)
                         net (fo=0)                   0.000     0.000    I1
    Y8                   IBUF (Prop_ibuf_I_O)         1.529     1.529 r  I1_IBUF_inst/O
                         net (fo=2, routed)           6.538     8.067    I1_IBUF
    SLICE_X113Y87        LUT3 (Prop_lut3_I1_O)        0.124     8.191 r  Y0_OBUF_inst_i_1/O
                         net (fo=1, routed)           1.664     9.855    Y0_OBUF
    R14                  OBUF (Prop_obuf_I_O)         3.530    13.385 r  Y0_OBUF_inst/O
                         net (fo=0)                   0.000    13.385    Y0
    R14                                                               r  Y0 (OUT)
  -------------------------------------------------------------------    -------------------

Slack:                    inf
  Source:                 I3
                            (input port)
  Destination:            Y1
                            (output port)
  Path Group:             (none)
  Path Type:              Max at Slow Process Corner
  Data Path Delay:        13.226ns  (logic 5.197ns (39.296%)  route 8.029ns (60.704%))
  Logic Levels:           3  (IBUF=1 LUT2=1 OBUF=1)

    Location             Delay type                Incr(ns)  Path(ns)    Netlist Resource(s)
  -------------------------------------------------------------------    -------------------
    W9                                                0.000     0.000 r  I3 (IN)
                         net (fo=0)                   0.000     0.000    I3
    W9                   IBUF (Prop_ibuf_I_O)         1.516     1.516 r  I3_IBUF_inst/O
                         net (fo=3, routed)           6.361     7.877    I3_IBUF
    SLICE_X113Y87        LUT2 (Prop_lut2_I0_O)        0.124     8.001 r  Y1_OBUF_inst_i_1/O
                         net (fo=1, routed)           1.668     9.669    Y1_OBUF
    P14                  OBUF (Prop_obuf_I_O)         3.557    13.226 r  Y1_OBUF_inst/O
                         net (fo=0)                   0.000    13.226    Y1
    P14                                                               r  Y1 (OUT)
  -------------------------------------------------------------------    -------------------





Min Delay Paths
--------------------------------------------------------------------------------------
Slack:                    inf
  Source:                 I2
                            (input port)
  Destination:            Y0
                            (output port)
  Path Group:             (none)
  Path Type:              Min at Fast Process Corner
  Data Path Delay:        2.871ns  (logic 1.521ns (52.979%)  route 1.350ns (47.021%))
  Logic Levels:           3  (IBUF=1 LUT3=1 OBUF=1)

    Location             Delay type                Incr(ns)  Path(ns)    Netlist Resource(s)
  -------------------------------------------------------------------    -------------------
    A20                                               0.000     0.000 f  I2 (IN)
                         net (fo=0)                   0.000     0.000    I2
    A20                  IBUF (Prop_ibuf_I_O)         0.245     0.245 f  I2_IBUF_inst/O
                         net (fo=3, routed)           1.018     1.263    I2_IBUF
    SLICE_X113Y87        LUT3 (Prop_lut3_I2_O)        0.045     1.308 r  Y0_OBUF_inst_i_1/O
                         net (fo=1, routed)           0.331     1.640    Y0_OBUF
    R14                  OBUF (Prop_obuf_I_O)         1.231     2.871 r  Y0_OBUF_inst/O
                         net (fo=0)                   0.000     2.871    Y0
    R14                                                               r  Y0 (OUT)
  -------------------------------------------------------------------    -------------------

Slack:                    inf
  Source:                 I2
                            (input port)
  Destination:            Y1
                            (output port)
  Path Group:             (none)
  Path Type:              Min at Fast Process Corner
  Data Path Delay:        2.903ns  (logic 1.548ns (53.327%)  route 1.355ns (46.673%))
  Logic Levels:           3  (IBUF=1 LUT2=1 OBUF=1)

    Location             Delay type                Incr(ns)  Path(ns)    Netlist Resource(s)
  -------------------------------------------------------------------    -------------------
    A20                                               0.000     0.000 r  I2 (IN)
                         net (fo=0)                   0.000     0.000    I2
    A20                  IBUF (Prop_ibuf_I_O)         0.245     0.245 r  I2_IBUF_inst/O
                         net (fo=3, routed)           1.018     1.263    I2_IBUF
    SLICE_X113Y87        LUT2 (Prop_lut2_I1_O)        0.045     1.308 r  Y1_OBUF_inst_i_1/O
                         net (fo=1, routed)           0.337     1.645    Y1_OBUF
    P14                  OBUF (Prop_obuf_I_O)         1.258     2.903 r  Y1_OBUF_inst/O
                         net (fo=0)                   0.000     2.903    Y1
    P14                                                               r  Y1 (OUT)
  -------------------------------------------------------------------    -------------------

Slack:                    inf
  Source:                 I2
                            (input port)
  Destination:            V
                            (output port)
  Path Group:             (none)
  Path Type:              Min at Fast Process Corner
  Data Path Delay:        3.294ns  (logic 1.624ns (49.302%)  route 1.670ns (50.698%))
  Logic Levels:           3  (IBUF=1 LUT4=1 OBUF=1)

    Location             Delay type                Incr(ns)  Path(ns)    Netlist Resource(s)
  -------------------------------------------------------------------    -------------------
    A20                                               0.000     0.000 r  I2 (IN)
                         net (fo=0)                   0.000     0.000    I2
    A20                  IBUF (Prop_ibuf_I_O)         0.245     0.245 r  I2_IBUF_inst/O
                         net (fo=3, routed)           1.018     1.263    I2_IBUF
    SLICE_X113Y87        LUT4 (Prop_lut4_I0_O)        0.044     1.307 r  V_OBUF_inst_i_1/O
                         net (fo=1, routed)           0.652     1.959    V_OBUF
    N16                  OBUF (Prop_obuf_I_O)         1.335     3.294 r  V_OBUF_inst/O
                         net (fo=0)                   0.000     3.294    V
    N16                                                               r  V (OUT)
  -------------------------------------------------------------------    -------------------





